mode: set
github.com/albertsundjaja/order_book/stream_handler/stream_handler.go:78.114,85.2 1 1
github.com/albertsundjaja/order_book/stream_handler/stream_handler.go:90.58,91.34 1 1
github.com/albertsundjaja/order_book/stream_handler/stream_handler.go:94.2,96.20 3 1
github.com/albertsundjaja/order_book/stream_handler/stream_handler.go:91.34,93.3 1 1
github.com/albertsundjaja/order_book/stream_handler/stream_handler.go:100.33,110.6 5 0
github.com/albertsundjaja/order_book/stream_handler/stream_handler.go:118.2,118.19 1 0
github.com/albertsundjaja/order_book/stream_handler/stream_handler.go:125.2,125.23 1 0
github.com/albertsundjaja/order_book/stream_handler/stream_handler.go:110.6,112.49 1 0
github.com/albertsundjaja/order_book/stream_handler/stream_handler.go:116.3,116.23 1 0
github.com/albertsundjaja/order_book/stream_handler/stream_handler.go:112.49,113.9 1 0
github.com/albertsundjaja/order_book/stream_handler/stream_handler.go:118.19,122.3 2 0
github.com/albertsundjaja/order_book/stream_handler/stream_handler.go:122.8,124.3 1 0
github.com/albertsundjaja/order_book/stream_handler/stream_handler.go:129.45,131.6 2 0
github.com/albertsundjaja/order_book/stream_handler/stream_handler.go:131.6,132.26 1 0
github.com/albertsundjaja/order_book/stream_handler/stream_handler.go:145.3,145.26 1 0
github.com/albertsundjaja/order_book/stream_handler/stream_handler.go:158.3,158.26 1 0
github.com/albertsundjaja/order_book/stream_handler/stream_handler.go:132.26,134.18 2 0
github.com/albertsundjaja/order_book/stream_handler/stream_handler.go:138.4,140.18 3 0
github.com/albertsundjaja/order_book/stream_handler/stream_handler.go:143.4,143.26 1 0
github.com/albertsundjaja/order_book/stream_handler/stream_handler.go:134.18,135.10 1 0
github.com/albertsundjaja/order_book/stream_handler/stream_handler.go:140.18,141.15 1 0
github.com/albertsundjaja/order_book/stream_handler/stream_handler.go:145.26,147.18 2 0
github.com/albertsundjaja/order_book/stream_handler/stream_handler.go:151.4,153.18 3 0
github.com/albertsundjaja/order_book/stream_handler/stream_handler.go:156.4,156.38 1 0
github.com/albertsundjaja/order_book/stream_handler/stream_handler.go:147.18,148.10 1 0
github.com/albertsundjaja/order_book/stream_handler/stream_handler.go:153.18,154.15 1 0
github.com/albertsundjaja/order_book/stream_handler/stream_handler.go:158.26,161.18 2 0
github.com/albertsundjaja/order_book/stream_handler/stream_handler.go:164.4,165.18 2 0
github.com/albertsundjaja/order_book/stream_handler/stream_handler.go:168.4,171.26 4 0
github.com/albertsundjaja/order_book/stream_handler/stream_handler.go:161.18,162.10 1 0
github.com/albertsundjaja/order_book/stream_handler/stream_handler.go:165.18,166.15 1 0
github.com/albertsundjaja/order_book/stream_handler/stream_handler.go:177.60,180.17 3 1
github.com/albertsundjaja/order_book/stream_handler/stream_handler.go:213.2,213.24 1 1
github.com/albertsundjaja/order_book/stream_handler/stream_handler.go:181.22,184.17 3 1
github.com/albertsundjaja/order_book/stream_handler/stream_handler.go:187.3,187.32 1 1
github.com/albertsundjaja/order_book/stream_handler/stream_handler.go:188.24,191.17 3 1
github.com/albertsundjaja/order_book/stream_handler/stream_handler.go:194.3,194.34 1 1
github.com/albertsundjaja/order_book/stream_handler/stream_handler.go:195.24,198.17 3 1
github.com/albertsundjaja/order_book/stream_handler/stream_handler.go:201.3,201.34 1 1
github.com/albertsundjaja/order_book/stream_handler/stream_handler.go:202.25,205.17 3 1
github.com/albertsundjaja/order_book/stream_handler/stream_handler.go:208.3,208.35 1 1
github.com/albertsundjaja/order_book/stream_handler/stream_handler.go:209.10,210.60 1 0
github.com/albertsundjaja/order_book/stream_handler/stream_handler.go:184.17,186.4 1 0
github.com/albertsundjaja/order_book/stream_handler/stream_handler.go:191.17,193.4 1 0
github.com/albertsundjaja/order_book/stream_handler/stream_handler.go:198.17,200.4 1 0
github.com/albertsundjaja/order_book/stream_handler/stream_handler.go:205.17,207.4 1 0
github.com/albertsundjaja/order_book/order_book/order_book_manager.go:21.132,28.2 1 0
github.com/albertsundjaja/order_book/order_book/order_book_manager.go:31.75,33.2 1 0
github.com/albertsundjaja/order_book/order_book/order_book_manager.go:36.45,37.6 1 0
github.com/albertsundjaja/order_book/order_book/order_book_manager.go:37.6,38.10 1 0
github.com/albertsundjaja/order_book/order_book/order_book_manager.go:39.30,41.18 2 0
github.com/albertsundjaja/order_book/order_book/order_book_manager.go:45.24,46.10 1 0
github.com/albertsundjaja/order_book/order_book/order_book_manager.go:41.18,44.5 2 0
github.com/albertsundjaja/order_book/order_book/order_book_manager.go:52.77,56.21 4 0
github.com/albertsundjaja/order_book/order_book/order_book_manager.go:111.2,111.27 1 0
github.com/albertsundjaja/order_book/order_book/order_book_manager.go:114.2,114.12 1 0
github.com/albertsundjaja/order_book/order_book/order_book_manager.go:57.37,61.10 4 0
github.com/albertsundjaja/order_book/order_book/order_book_manager.go:65.3,67.17 3 0
github.com/albertsundjaja/order_book/order_book/order_book_manager.go:71.39,75.10 4 0
github.com/albertsundjaja/order_book/order_book/order_book_manager.go:78.3,80.17 3 0
github.com/albertsundjaja/order_book/order_book/order_book_manager.go:84.39,88.10 4 0
github.com/albertsundjaja/order_book/order_book/order_book_manager.go:91.3,93.17 3 0
github.com/albertsundjaja/order_book/order_book/order_book_manager.go:97.40,101.10 4 0
github.com/albertsundjaja/order_book/order_book/order_book_manager.go:104.3,106.17 3 0
github.com/albertsundjaja/order_book/order_book/order_book_manager.go:61.10,64.4 2 0
github.com/albertsundjaja/order_book/order_book/order_book_manager.go:67.17,70.4 2 0
github.com/albertsundjaja/order_book/order_book/order_book_manager.go:75.10,77.4 1 0
github.com/albertsundjaja/order_book/order_book/order_book_manager.go:80.17,83.4 2 0
github.com/albertsundjaja/order_book/order_book/order_book_manager.go:88.10,90.4 1 0
github.com/albertsundjaja/order_book/order_book/order_book_manager.go:93.17,96.4 2 0
github.com/albertsundjaja/order_book/order_book/order_book_manager.go:101.10,103.4 1 0
github.com/albertsundjaja/order_book/order_book/order_book_manager.go:106.17,109.4 2 0
github.com/albertsundjaja/order_book/order_book/order_book_manager.go:111.27,113.3 1 0
github.com/albertsundjaja/order_book/order_book/utils.go:9.70,11.21 1 1
github.com/albertsundjaja/order_book/order_book/utils.go:16.2,17.15 2 1
github.com/albertsundjaja/order_book/order_book/utils.go:22.2,22.37 1 1
github.com/albertsundjaja/order_book/order_book/utils.go:25.2,25.11 1 1
github.com/albertsundjaja/order_book/order_book/utils.go:11.21,13.3 1 1
github.com/albertsundjaja/order_book/order_book/utils.go:17.15,18.48 1 1
github.com/albertsundjaja/order_book/order_book/utils.go:18.48,18.72 1 1
github.com/albertsundjaja/order_book/order_book/utils.go:19.8,20.48 1 1
github.com/albertsundjaja/order_book/order_book/utils.go:20.48,20.72 1 1
github.com/albertsundjaja/order_book/order_book/utils.go:22.37,24.3 1 1
github.com/albertsundjaja/order_book/order_book/utils.go:29.24,30.11 1 1
github.com/albertsundjaja/order_book/order_book/utils.go:33.2,33.10 1 0
github.com/albertsundjaja/order_book/order_book/utils.go:30.11,32.3 1 1
github.com/albertsundjaja/order_book/order_book/order.go:11.50,16.2 1 1
github.com/albertsundjaja/order_book/order_book/order_book.go:31.41,39.2 1 1
github.com/albertsundjaja/order_book/order_book/order_book.go:42.64,45.49 3 0
github.com/albertsundjaja/order_book/order_book/order_book.go:51.2,53.51 3 0
github.com/albertsundjaja/order_book/order_book/order_book.go:59.2,59.76 1 0
github.com/albertsundjaja/order_book/order_book/order_book.go:45.49,47.26 2 0
github.com/albertsundjaja/order_book/order_book/order_book.go:47.26,49.4 1 0
github.com/albertsundjaja/order_book/order_book/order_book.go:53.51,55.27 2 0
github.com/albertsundjaja/order_book/order_book/order_book.go:55.27,57.4 1 0
github.com/albertsundjaja/order_book/order_book/order_book.go:63.72,65.24 2 1
github.com/albertsundjaja/order_book/order_book/order_book.go:81.2,81.12 1 1
github.com/albertsundjaja/order_book/order_book/order_book.go:66.16,67.41 1 1
github.com/albertsundjaja/order_book/order_book/order_book.go:70.3,71.41 2 1
github.com/albertsundjaja/order_book/order_book/order_book.go:72.17,73.42 1 1
github.com/albertsundjaja/order_book/order_book/order_book.go:76.3,77.42 2 1
github.com/albertsundjaja/order_book/order_book/order_book.go:78.10,79.125 1 0
github.com/albertsundjaja/order_book/order_book/order_book.go:67.41,69.4 1 0
github.com/albertsundjaja/order_book/order_book/order_book.go:73.42,75.4 1 0
github.com/albertsundjaja/order_book/order_book/order_book.go:85.80,88.27 3 1
github.com/albertsundjaja/order_book/order_book/order_book.go:107.2,109.12 3 1
github.com/albertsundjaja/order_book/order_book/order_book.go:89.16,91.10 2 1
github.com/albertsundjaja/order_book/order_book/order_book.go:94.3,95.47 2 1
github.com/albertsundjaja/order_book/order_book/order_book.go:96.17,98.10 2 1
github.com/albertsundjaja/order_book/order_book/order_book.go:101.3,102.48 2 1
github.com/albertsundjaja/order_book/order_book/order_book.go:103.10,104.134 1 0
github.com/albertsundjaja/order_book/order_book/order_book.go:91.10,93.4 1 0
github.com/albertsundjaja/order_book/order_book/order_book.go:98.10,100.4 1 0
github.com/albertsundjaja/order_book/order_book/order_book.go:113.77,114.24 1 1
github.com/albertsundjaja/order_book/order_book/order_book.go:132.2,132.12 1 1
github.com/albertsundjaja/order_book/order_book/order_book.go:115.16,117.10 2 1
github.com/albertsundjaja/order_book/order_book/order_book.go:120.3,121.32 2 1
github.com/albertsundjaja/order_book/order_book/order_book.go:122.17,124.10 2 1
github.com/albertsundjaja/order_book/order_book/order_book.go:127.3,128.33 2 1
github.com/albertsundjaja/order_book/order_book/order_book.go:129.10,130.128 1 0
github.com/albertsundjaja/order_book/order_book/order_book.go:117.10,119.4 1 0
github.com/albertsundjaja/order_book/order_book/order_book.go:124.10,126.4 1 0
github.com/albertsundjaja/order_book/order_book/order_book.go:136.78,137.23 1 1
github.com/albertsundjaja/order_book/order_book/order_book.go:161.2,161.12 1 1
github.com/albertsundjaja/order_book/order_book/order_book.go:138.16,140.10 2 1
github.com/albertsundjaja/order_book/order_book/order_book.go:143.3,145.24 3 1
github.com/albertsundjaja/order_book/order_book/order_book.go:148.17,150.10 2 1
github.com/albertsundjaja/order_book/order_book/order_book.go:153.3,155.24 3 1
github.com/albertsundjaja/order_book/order_book/order_book.go:158.10,159.127 1 0
github.com/albertsundjaja/order_book/order_book/order_book.go:140.10,142.4 1 0
github.com/albertsundjaja/order_book/order_book/order_book.go:145.24,147.4 1 1
github.com/albertsundjaja/order_book/order_book/order_book.go:150.10,152.4 1 0
github.com/albertsundjaja/order_book/order_book/order_book.go:155.24,157.4 1 1
github.com/albertsundjaja/order_book/order_book/order_book.go:165.57,167.9 2 1
github.com/albertsundjaja/order_book/order_book/order_book.go:171.2,173.107 3 1
github.com/albertsundjaja/order_book/order_book/order_book.go:167.9,170.3 2 1
github.com/albertsundjaja/order_book/order_book/order_book.go:173.107,175.3 1 1
github.com/albertsundjaja/order_book/order_book/order_book.go:179.57,181.9 2 1
github.com/albertsundjaja/order_book/order_book/order_book.go:184.2,185.107 2 1
github.com/albertsundjaja/order_book/order_book/order_book.go:188.2,188.23 1 1
github.com/albertsundjaja/order_book/order_book/order_book.go:181.9,183.3 1 0
github.com/albertsundjaja/order_book/order_book/order_book.go:185.107,187.3 1 1
github.com/albertsundjaja/order_book/order_book/order_book.go:188.23,191.3 2 1
github.com/albertsundjaja/order_book/order_book/order_book.go:195.58,197.9 2 1
github.com/albertsundjaja/order_book/order_book/order_book.go:201.2,203.110 3 1
github.com/albertsundjaja/order_book/order_book/order_book.go:197.9,200.3 2 1
github.com/albertsundjaja/order_book/order_book/order_book.go:203.110,205.3 1 1
github.com/albertsundjaja/order_book/order_book/order_book.go:209.58,211.9 2 1
github.com/albertsundjaja/order_book/order_book/order_book.go:214.2,215.110 2 1
github.com/albertsundjaja/order_book/order_book/order_book.go:218.2,218.23 1 1
github.com/albertsundjaja/order_book/order_book/order_book.go:211.9,213.3 1 0
github.com/albertsundjaja/order_book/order_book/order_book.go:215.110,217.3 1 1
github.com/albertsundjaja/order_book/order_book/order_book.go:218.23,221.3 2 1
github.com/albertsundjaja/order_book/order_book/order_book.go:225.46,228.73 2 1
github.com/albertsundjaja/order_book/order_book/order_book.go:231.2,233.49 2 1
github.com/albertsundjaja/order_book/order_book/order_book.go:228.73,230.3 1 0
github.com/albertsundjaja/order_book/order_book/order_book.go:233.49,233.89 1 0
github.com/albertsundjaja/order_book/order_book/order_book.go:237.49,239.73 2 1
github.com/albertsundjaja/order_book/order_book/order_book.go:242.2,242.26 1 1
github.com/albertsundjaja/order_book/order_book/order_book.go:247.2,249.49 3 0
github.com/albertsundjaja/order_book/order_book/order_book.go:239.73,241.3 1 0
github.com/albertsundjaja/order_book/order_book/order_book.go:242.26,245.3 2 1
github.com/albertsundjaja/order_book/order_book/order_book.go:249.49,249.89 1 0
github.com/albertsundjaja/order_book/order_book/order_book.go:253.47,256.75 2 1
github.com/albertsundjaja/order_book/order_book/order_book.go:259.2,261.50 2 1
github.com/albertsundjaja/order_book/order_book/order_book.go:256.75,258.3 1 0
github.com/albertsundjaja/order_book/order_book/order_book.go:261.50,261.92 1 0
github.com/albertsundjaja/order_book/order_book/order_book.go:265.50,267.75 2 1
github.com/albertsundjaja/order_book/order_book/order_book.go:271.2,271.27 1 1
github.com/albertsundjaja/order_book/order_book/order_book.go:276.2,278.50 3 0
github.com/albertsundjaja/order_book/order_book/order_book.go:267.75,269.3 1 0
github.com/albertsundjaja/order_book/order_book/order_book.go:271.27,274.3 2 1
github.com/albertsundjaja/order_book/order_book/order_book.go:278.50,278.92 1 0
